<?xml version="1.0" encoding="UTF-8"?>
<testsuite xmlns:xsi="http://www.w3.org/2001/XMLSchema-instance" xsi:noNamespaceSchemaLocation="https://maven.apache.org/surefire/maven-surefire-plugin/xsd/surefire-test-report-3.0.xsd" version="3.0" name="edu.uiuc.ncsa.qdl.TestSuite" time="27.419" tests="553" errors="0" skipped="0" failures="0">
  <properties>
    <property name="awt.toolkit" value="sun.awt.X11.XToolkit"/>
    <property name="java.specification.version" value="11"/>
    <property name="sun.cpu.isalist" value=""/>
    <property name="sun.jnu.encoding" value="UTF-8"/>
    <property name="java.class.path" value="/home/ncsa/dev/ncsa-git/qdl/tests/target/test-classes:/home/ncsa/dev/ncsa-git/qdl/tests/target/classes:/home/ncsa/dev/ncsa-git/qdl/language/target/language-1.5-QDL-SNAPSHOT.jar:/home/ncsa/.m2/repository/org/yaml/snakeyaml/1.33/snakeyaml-1.33.jar:/home/ncsa/.m2/repository/com/jayway/jsonpath/json-path/2.6.0/json-path-2.6.0.jar:/home/ncsa/.m2/repository/net/minidev/json-smart/2.4.7/json-smart-2.4.7.jar:/home/ncsa/.m2/repository/net/minidev/accessors-smart/2.4.7/accessors-smart-2.4.7.jar:/home/ncsa/.m2/repository/org/ow2/asm/asm/9.1/asm-9.1.jar:/home/ncsa/.m2/repository/org/slf4j/slf4j-api/1.7.30/slf4j-api-1.7.30.jar:/home/ncsa/.m2/repository/org/slf4j/slf4j-simple/1.7.21/slf4j-simple-1.7.21.jar:/home/ncsa/.m2/repository/commons-codec/commons-codec/1.11/commons-codec-1.11.jar:/home/ncsa/.m2/repository/org/apache/httpcomponents/httpcore/4.4.15/httpcore-4.4.15.jar:/home/ncsa/.m2/repository/org/apache/httpcomponents/httpclient/4.5.14/httpclient-4.5.14.jar:/home/ncsa/.m2/repository/commons-logging/commons-logging/1.2/commons-logging-1.2.jar:/home/ncsa/.m2/repository/org/apache/commons/commons-csv/1.9.0/commons-csv-1.9.0.jar:/home/ncsa/.m2/repository/org/apache/commons/commons-text/1.10.0/commons-text-1.10.0.jar:/home/ncsa/.m2/repository/org/apache/commons/commons-lang3/3.12.0/commons-lang3-3.12.0.jar:/home/ncsa/.m2/repository/net/sf/json-lib/json-lib/2.4/json-lib-2.4-jdk15.jar:/home/ncsa/.m2/repository/commons-beanutils/commons-beanutils/1.8.0/commons-beanutils-1.8.0.jar:/home/ncsa/.m2/repository/commons-collections/commons-collections/3.2.1/commons-collections-3.2.1.jar:/home/ncsa/.m2/repository/commons-lang/commons-lang/2.5/commons-lang-2.5.jar:/home/ncsa/.m2/repository/net/sf/ezmorph/ezmorph/1.0.6/ezmorph-1.0.6.jar:/home/ncsa/.m2/repository/org/antlr/antlr4/4.9.3/antlr4-4.9.3.jar:/home/ncsa/.m2/repository/org/antlr/antlr4-runtime/4.9.3/antlr4-runtime-4.9.3.jar:/home/ncsa/.m2/repository/org/antlr/antlr-runtime/3.5.2/antlr-runtime-3.5.2.jar:/home/ncsa/.m2/repository/org/antlr/ST4/4.3.1/ST4-4.3.1.jar:/home/ncsa/.m2/repository/org/abego/treelayout/org.abego.treelayout.core/1.0.3/org.abego.treelayout.core-1.0.3.jar:/home/ncsa/.m2/repository/org/glassfish/javax.json/1.0.4/javax.json-1.0.4.jar:/home/ncsa/.m2/repository/com/ibm/icu/icu4j/69.1/icu4j-69.1.jar:/home/ncsa/.m2/repository/edu/uiuc/ncsa/security/storage/5.3-SNAPSHOT/storage-5.3-SNAPSHOT.jar:/home/ncsa/.m2/repository/software/amazon/awssdk/dynamodb/2.25.35/dynamodb-2.25.35.jar:/home/ncsa/.m2/repository/software/amazon/awssdk/aws-json-protocol/2.25.35/aws-json-protocol-2.25.35.jar:/home/ncsa/.m2/repository/software/amazon/awssdk/third-party-jackson-core/2.25.35/third-party-jackson-core-2.25.35.jar:/home/ncsa/.m2/repository/software/amazon/awssdk/protocol-core/2.25.35/protocol-core-2.25.35.jar:/home/ncsa/.m2/repository/software/amazon/awssdk/profiles/2.25.35/profiles-2.25.35.jar:/home/ncsa/.m2/repository/software/amazon/awssdk/http-auth-aws/2.25.35/http-auth-aws-2.25.35.jar:/home/ncsa/.m2/repository/software/amazon/awssdk/checksums-spi/2.25.35/checksums-spi-2.25.35.jar:/home/ncsa/.m2/repository/software/amazon/awssdk/checksums/2.25.35/checksums-2.25.35.jar:/home/ncsa/.m2/repository/software/amazon/awssdk/sdk-core/2.25.35/sdk-core-2.25.35.jar:/home/ncsa/.m2/repository/org/reactivestreams/reactive-streams/1.0.4/reactive-streams-1.0.4.jar:/home/ncsa/.m2/repository/software/amazon/awssdk/auth/2.25.35/auth-2.25.35.jar:/home/ncsa/.m2/repository/software/amazon/eventstream/eventstream/1.0.1/eventstream-1.0.1.jar:/home/ncsa/.m2/repository/software/amazon/awssdk/http-auth-spi/2.25.35/http-auth-spi-2.25.35.jar:/home/ncsa/.m2/repository/software/amazon/awssdk/http-auth/2.25.35/http-auth-2.25.35.jar:/home/ncsa/.m2/repository/software/amazon/awssdk/identity-spi/2.25.35/identity-spi-2.25.35.jar:/home/ncsa/.m2/repository/software/amazon/awssdk/http-client-spi/2.25.35/http-client-spi-2.25.35.jar:/home/ncsa/.m2/repository/software/amazon/awssdk/regions/2.25.35/regions-2.25.35.jar:/home/ncsa/.m2/repository/software/amazon/awssdk/annotations/2.25.35/annotations-2.25.35.jar:/home/ncsa/.m2/repository/software/amazon/awssdk/utils/2.25.35/utils-2.25.35.jar:/home/ncsa/.m2/repository/software/amazon/awssdk/aws-core/2.25.35/aws-core-2.25.35.jar:/home/ncsa/.m2/repository/software/amazon/awssdk/metrics-spi/2.25.35/metrics-spi-2.25.35.jar:/home/ncsa/.m2/repository/software/amazon/awssdk/json-utils/2.25.35/json-utils-2.25.35.jar:/home/ncsa/.m2/repository/software/amazon/awssdk/endpoints-spi/2.25.35/endpoints-spi-2.25.35.jar:/home/ncsa/.m2/repository/software/amazon/awssdk/apache-client/2.25.35/apache-client-2.25.35.jar:/home/ncsa/.m2/repository/software/amazon/awssdk/netty-nio-client/2.25.35/netty-nio-client-2.25.35.jar:/home/ncsa/.m2/repository/io/netty/netty-codec-http/4.1.108.Final/netty-codec-http-4.1.108.Final.jar:/home/ncsa/.m2/repository/io/netty/netty-codec-http2/4.1.108.Final/netty-codec-http2-4.1.108.Final.jar:/home/ncsa/.m2/repository/io/netty/netty-codec/4.1.108.Final/netty-codec-4.1.108.Final.jar:/home/ncsa/.m2/repository/io/netty/netty-transport/4.1.108.Final/netty-transport-4.1.108.Final.jar:/home/ncsa/.m2/repository/io/netty/netty-common/4.1.108.Final/netty-common-4.1.108.Final.jar:/home/ncsa/.m2/repository/io/netty/netty-buffer/4.1.108.Final/netty-buffer-4.1.108.Final.jar:/home/ncsa/.m2/repository/io/netty/netty-handler/4.1.108.Final/netty-handler-4.1.108.Final.jar:/home/ncsa/.m2/repository/io/netty/netty-transport-native-unix-common/4.1.108.Final/netty-transport-native-unix-common-4.1.108.Final.jar:/home/ncsa/.m2/repository/io/netty/netty-transport-classes-epoll/4.1.108.Final/netty-transport-classes-epoll-4.1.108.Final.jar:/home/ncsa/.m2/repository/io/netty/netty-resolver/4.1.108.Final/netty-resolver-4.1.108.Final.jar:/home/ncsa/.m2/repository/edu/uiuc/ncsa/security/core/5.3-SNAPSHOT/core-5.3-SNAPSHOT.jar:/home/ncsa/.m2/repository/commons-configuration/commons-configuration/1.10/commons-configuration-1.10.jar:/home/ncsa/.m2/repository/javax/inject/javax.inject/1/javax.inject-1.jar:/home/ncsa/.m2/repository/com/typesafe/config/1.4.0/config-1.4.0.jar:/home/ncsa/.m2/repository/edu/uiuc/ncsa/security/util/5.3-SNAPSHOT/util-5.3-SNAPSHOT.jar:/home/ncsa/.m2/repository/com/nimbusds/nimbus-jose-jwt/9.37/nimbus-jose-jwt-9.37.jar:/home/ncsa/.m2/repository/com/github/stephenc/jcip/jcip-annotations/1.0-1/jcip-annotations-1.0-1.jar:/home/ncsa/.m2/repository/commons-cli/commons-cli/1.3.1/commons-cli-1.3.1.jar:/home/ncsa/.m2/repository/jakarta/mail/jakarta.mail-api/2.1.2/jakarta.mail-api-2.1.2.jar:/home/ncsa/.m2/repository/jakarta/activation/jakarta.activation-api/2.1.2/jakarta.activation-api-2.1.2.jar:/home/ncsa/.m2/repository/org/jline/jline/3.26.1/jline-3.26.1.jar:/home/ncsa/.m2/repository/org/jasypt/jasypt/1.9.2/jasypt-1.9.2.jar:/home/ncsa/.m2/repository/edu/uiuc/ncsa/security/crypt8/5.4.2/crypt8-5.4.2.jar:/home/ncsa/.m2/repository/org/mariadb/jdbc/mariadb-java-client/3.0.8/mariadb-java-client-3.0.8.jar:/home/ncsa/.m2/repository/ch/obermuhlner/big-math/2.3.0/big-math-2.3.0.jar:/home/ncsa/.m2/repository/com/fifesoft/autocomplete/3.3.1/autocomplete-3.3.1.jar:/home/ncsa/.m2/repository/com/fifesoft/rsyntaxtextarea/3.4.0/rsyntaxtextarea-3.4.0.jar:/home/ncsa/.m2/repository/com/intellij/forms_rt/7.0.3/forms_rt-7.0.3.jar:/home/ncsa/.m2/repository/asm/asm-commons/3.0/asm-commons-3.0.jar:/home/ncsa/.m2/repository/asm/asm-tree/3.0/asm-tree-3.0.jar:/home/ncsa/.m2/repository/asm/asm/3.0/asm-3.0.jar:/home/ncsa/.m2/repository/com/jgoodies/forms/1.1-preview/forms-1.1-preview.jar:/home/ncsa/.m2/repository/jdom/jdom/1.0/jdom-1.0.jar:/home/ncsa/.m2/repository/com/formdev/flatlaf/2.4/flatlaf-2.4.jar:/home/ncsa/.m2/repository/edu/uiuc/ncsa/security/sas-server/5.3-SNAPSHOT/sas-server-5.3-SNAPSHOT.jar:/home/ncsa/.m2/repository/edu/uiuc/ncsa/security/servlet/5.3-SNAPSHOT/servlet-5.3-SNAPSHOT.jar:/home/ncsa/.m2/repository/javax/servlet/servlet-api/2.5/servlet-api-2.5.jar:/home/ncsa/.m2/repository/junit/junit/4.13.1/junit-4.13.1.jar:/home/ncsa/.m2/repository/org/hamcrest/hamcrest-core/1.3/hamcrest-core-1.3.jar:/home/ncsa/.m2/repository/mysql/mysql-connector-java/8.0.30/mysql-connector-java-8.0.30.jar:/home/ncsa/.m2/repository/com/google/protobuf/protobuf-java/3.19.4/protobuf-java-3.19.4.jar:/home/ncsa/.m2/repository/org/apache/derby/derby/10.14.2.0/derby-10.14.2.0.jar:"/>
    <property name="java.vm.vendor" value="Ubuntu"/>
    <property name="sun.arch.data.model" value="64"/>
    <property name="java.vendor.url" value="https://ubuntu.com/"/>
    <property name="user.timezone" value=""/>
    <property name="java.vm.specification.version" value="11"/>
    <property name="os.name" value="Linux"/>
    <property name="sun.java.launcher" value="SUN_STANDARD"/>
    <property name="user.country" value="US"/>
    <property name="sun.boot.library.path" value="/usr/lib/jvm/java-11-openjdk-amd64/lib"/>
    <property name="sun.java.command" value="/home/ncsa/dev/ncsa-git/qdl/tests/target/surefire/surefirebooter-20240607165449766_3.jar /home/ncsa/dev/ncsa-git/qdl/tests/target/surefire 2024-06-07T16-54-34_915-jvmRun1 surefire-20240607165449766_1tmp surefire_0-20240607165449766_2tmp"/>
    <property name="jdk.debug" value="release"/>
    <property name="surefire.test.class.path" value="/home/ncsa/dev/ncsa-git/qdl/tests/target/test-classes:/home/ncsa/dev/ncsa-git/qdl/tests/target/classes:/home/ncsa/dev/ncsa-git/qdl/language/target/language-1.5-QDL-SNAPSHOT.jar:/home/ncsa/.m2/repository/org/yaml/snakeyaml/1.33/snakeyaml-1.33.jar:/home/ncsa/.m2/repository/com/jayway/jsonpath/json-path/2.6.0/json-path-2.6.0.jar:/home/ncsa/.m2/repository/net/minidev/json-smart/2.4.7/json-smart-2.4.7.jar:/home/ncsa/.m2/repository/net/minidev/accessors-smart/2.4.7/accessors-smart-2.4.7.jar:/home/ncsa/.m2/repository/org/ow2/asm/asm/9.1/asm-9.1.jar:/home/ncsa/.m2/repository/org/slf4j/slf4j-api/1.7.30/slf4j-api-1.7.30.jar:/home/ncsa/.m2/repository/org/slf4j/slf4j-simple/1.7.21/slf4j-simple-1.7.21.jar:/home/ncsa/.m2/repository/commons-codec/commons-codec/1.11/commons-codec-1.11.jar:/home/ncsa/.m2/repository/org/apache/httpcomponents/httpcore/4.4.15/httpcore-4.4.15.jar:/home/ncsa/.m2/repository/org/apache/httpcomponents/httpclient/4.5.14/httpclient-4.5.14.jar:/home/ncsa/.m2/repository/commons-logging/commons-logging/1.2/commons-logging-1.2.jar:/home/ncsa/.m2/repository/org/apache/commons/commons-csv/1.9.0/commons-csv-1.9.0.jar:/home/ncsa/.m2/repository/org/apache/commons/commons-text/1.10.0/commons-text-1.10.0.jar:/home/ncsa/.m2/repository/org/apache/commons/commons-lang3/3.12.0/commons-lang3-3.12.0.jar:/home/ncsa/.m2/repository/net/sf/json-lib/json-lib/2.4/json-lib-2.4-jdk15.jar:/home/ncsa/.m2/repository/commons-beanutils/commons-beanutils/1.8.0/commons-beanutils-1.8.0.jar:/home/ncsa/.m2/repository/commons-collections/commons-collections/3.2.1/commons-collections-3.2.1.jar:/home/ncsa/.m2/repository/commons-lang/commons-lang/2.5/commons-lang-2.5.jar:/home/ncsa/.m2/repository/net/sf/ezmorph/ezmorph/1.0.6/ezmorph-1.0.6.jar:/home/ncsa/.m2/repository/org/antlr/antlr4/4.9.3/antlr4-4.9.3.jar:/home/ncsa/.m2/repository/org/antlr/antlr4-runtime/4.9.3/antlr4-runtime-4.9.3.jar:/home/ncsa/.m2/repository/org/antlr/antlr-runtime/3.5.2/antlr-runtime-3.5.2.jar:/home/ncsa/.m2/repository/org/antlr/ST4/4.3.1/ST4-4.3.1.jar:/home/ncsa/.m2/repository/org/abego/treelayout/org.abego.treelayout.core/1.0.3/org.abego.treelayout.core-1.0.3.jar:/home/ncsa/.m2/repository/org/glassfish/javax.json/1.0.4/javax.json-1.0.4.jar:/home/ncsa/.m2/repository/com/ibm/icu/icu4j/69.1/icu4j-69.1.jar:/home/ncsa/.m2/repository/edu/uiuc/ncsa/security/storage/5.3-SNAPSHOT/storage-5.3-SNAPSHOT.jar:/home/ncsa/.m2/repository/software/amazon/awssdk/dynamodb/2.25.35/dynamodb-2.25.35.jar:/home/ncsa/.m2/repository/software/amazon/awssdk/aws-json-protocol/2.25.35/aws-json-protocol-2.25.35.jar:/home/ncsa/.m2/repository/software/amazon/awssdk/third-party-jackson-core/2.25.35/third-party-jackson-core-2.25.35.jar:/home/ncsa/.m2/repository/software/amazon/awssdk/protocol-core/2.25.35/protocol-core-2.25.35.jar:/home/ncsa/.m2/repository/software/amazon/awssdk/profiles/2.25.35/profiles-2.25.35.jar:/home/ncsa/.m2/repository/software/amazon/awssdk/http-auth-aws/2.25.35/http-auth-aws-2.25.35.jar:/home/ncsa/.m2/repository/software/amazon/awssdk/checksums-spi/2.25.35/checksums-spi-2.25.35.jar:/home/ncsa/.m2/repository/software/amazon/awssdk/checksums/2.25.35/checksums-2.25.35.jar:/home/ncsa/.m2/repository/software/amazon/awssdk/sdk-core/2.25.35/sdk-core-2.25.35.jar:/home/ncsa/.m2/repository/org/reactivestreams/reactive-streams/1.0.4/reactive-streams-1.0.4.jar:/home/ncsa/.m2/repository/software/amazon/awssdk/auth/2.25.35/auth-2.25.35.jar:/home/ncsa/.m2/repository/software/amazon/eventstream/eventstream/1.0.1/eventstream-1.0.1.jar:/home/ncsa/.m2/repository/software/amazon/awssdk/http-auth-spi/2.25.35/http-auth-spi-2.25.35.jar:/home/ncsa/.m2/repository/software/amazon/awssdk/http-auth/2.25.35/http-auth-2.25.35.jar:/home/ncsa/.m2/repository/software/amazon/awssdk/identity-spi/2.25.35/identity-spi-2.25.35.jar:/home/ncsa/.m2/repository/software/amazon/awssdk/http-client-spi/2.25.35/http-client-spi-2.25.35.jar:/home/ncsa/.m2/repository/software/amazon/awssdk/regions/2.25.35/regions-2.25.35.jar:/home/ncsa/.m2/repository/software/amazon/awssdk/annotations/2.25.35/annotations-2.25.35.jar:/home/ncsa/.m2/repository/software/amazon/awssdk/utils/2.25.35/utils-2.25.35.jar:/home/ncsa/.m2/repository/software/amazon/awssdk/aws-core/2.25.35/aws-core-2.25.35.jar:/home/ncsa/.m2/repository/software/amazon/awssdk/metrics-spi/2.25.35/metrics-spi-2.25.35.jar:/home/ncsa/.m2/repository/software/amazon/awssdk/json-utils/2.25.35/json-utils-2.25.35.jar:/home/ncsa/.m2/repository/software/amazon/awssdk/endpoints-spi/2.25.35/endpoints-spi-2.25.35.jar:/home/ncsa/.m2/repository/software/amazon/awssdk/apache-client/2.25.35/apache-client-2.25.35.jar:/home/ncsa/.m2/repository/software/amazon/awssdk/netty-nio-client/2.25.35/netty-nio-client-2.25.35.jar:/home/ncsa/.m2/repository/io/netty/netty-codec-http/4.1.108.Final/netty-codec-http-4.1.108.Final.jar:/home/ncsa/.m2/repository/io/netty/netty-codec-http2/4.1.108.Final/netty-codec-http2-4.1.108.Final.jar:/home/ncsa/.m2/repository/io/netty/netty-codec/4.1.108.Final/netty-codec-4.1.108.Final.jar:/home/ncsa/.m2/repository/io/netty/netty-transport/4.1.108.Final/netty-transport-4.1.108.Final.jar:/home/ncsa/.m2/repository/io/netty/netty-common/4.1.108.Final/netty-common-4.1.108.Final.jar:/home/ncsa/.m2/repository/io/netty/netty-buffer/4.1.108.Final/netty-buffer-4.1.108.Final.jar:/home/ncsa/.m2/repository/io/netty/netty-handler/4.1.108.Final/netty-handler-4.1.108.Final.jar:/home/ncsa/.m2/repository/io/netty/netty-transport-native-unix-common/4.1.108.Final/netty-transport-native-unix-common-4.1.108.Final.jar:/home/ncsa/.m2/repository/io/netty/netty-transport-classes-epoll/4.1.108.Final/netty-transport-classes-epoll-4.1.108.Final.jar:/home/ncsa/.m2/repository/io/netty/netty-resolver/4.1.108.Final/netty-resolver-4.1.108.Final.jar:/home/ncsa/.m2/repository/edu/uiuc/ncsa/security/core/5.3-SNAPSHOT/core-5.3-SNAPSHOT.jar:/home/ncsa/.m2/repository/commons-configuration/commons-configuration/1.10/commons-configuration-1.10.jar:/home/ncsa/.m2/repository/javax/inject/javax.inject/1/javax.inject-1.jar:/home/ncsa/.m2/repository/com/typesafe/config/1.4.0/config-1.4.0.jar:/home/ncsa/.m2/repository/edu/uiuc/ncsa/security/util/5.3-SNAPSHOT/util-5.3-SNAPSHOT.jar:/home/ncsa/.m2/repository/com/nimbusds/nimbus-jose-jwt/9.37/nimbus-jose-jwt-9.37.jar:/home/ncsa/.m2/repository/com/github/stephenc/jcip/jcip-annotations/1.0-1/jcip-annotations-1.0-1.jar:/home/ncsa/.m2/repository/commons-cli/commons-cli/1.3.1/commons-cli-1.3.1.jar:/home/ncsa/.m2/repository/jakarta/mail/jakarta.mail-api/2.1.2/jakarta.mail-api-2.1.2.jar:/home/ncsa/.m2/repository/jakarta/activation/jakarta.activation-api/2.1.2/jakarta.activation-api-2.1.2.jar:/home/ncsa/.m2/repository/org/jline/jline/3.26.1/jline-3.26.1.jar:/home/ncsa/.m2/repository/org/jasypt/jasypt/1.9.2/jasypt-1.9.2.jar:/home/ncsa/.m2/repository/edu/uiuc/ncsa/security/crypt8/5.4.2/crypt8-5.4.2.jar:/home/ncsa/.m2/repository/org/mariadb/jdbc/mariadb-java-client/3.0.8/mariadb-java-client-3.0.8.jar:/home/ncsa/.m2/repository/ch/obermuhlner/big-math/2.3.0/big-math-2.3.0.jar:/home/ncsa/.m2/repository/com/fifesoft/autocomplete/3.3.1/autocomplete-3.3.1.jar:/home/ncsa/.m2/repository/com/fifesoft/rsyntaxtextarea/3.4.0/rsyntaxtextarea-3.4.0.jar:/home/ncsa/.m2/repository/com/intellij/forms_rt/7.0.3/forms_rt-7.0.3.jar:/home/ncsa/.m2/repository/asm/asm-commons/3.0/asm-commons-3.0.jar:/home/ncsa/.m2/repository/asm/asm-tree/3.0/asm-tree-3.0.jar:/home/ncsa/.m2/repository/asm/asm/3.0/asm-3.0.jar:/home/ncsa/.m2/repository/com/jgoodies/forms/1.1-preview/forms-1.1-preview.jar:/home/ncsa/.m2/repository/jdom/jdom/1.0/jdom-1.0.jar:/home/ncsa/.m2/repository/com/formdev/flatlaf/2.4/flatlaf-2.4.jar:/home/ncsa/.m2/repository/edu/uiuc/ncsa/security/sas-server/5.3-SNAPSHOT/sas-server-5.3-SNAPSHOT.jar:/home/ncsa/.m2/repository/edu/uiuc/ncsa/security/servlet/5.3-SNAPSHOT/servlet-5.3-SNAPSHOT.jar:/home/ncsa/.m2/repository/javax/servlet/servlet-api/2.5/servlet-api-2.5.jar:/home/ncsa/.m2/repository/junit/junit/4.13.1/junit-4.13.1.jar:/home/ncsa/.m2/repository/org/hamcrest/hamcrest-core/1.3/hamcrest-core-1.3.jar:/home/ncsa/.m2/repository/mysql/mysql-connector-java/8.0.30/mysql-connector-java-8.0.30.jar:/home/ncsa/.m2/repository/com/google/protobuf/protobuf-java/3.19.4/protobuf-java-3.19.4.jar:/home/ncsa/.m2/repository/org/apache/derby/derby/10.14.2.0/derby-10.14.2.0.jar:"/>
    <property name="sun.cpu.endian" value="little"/>
    <property name="user.home" value="/home/ncsa"/>
    <property name="user.language" value="en"/>
    <property name="java.specification.vendor" value="Oracle Corporation"/>
    <property name="java.version.date" value="2024-01-16"/>
    <property name="java.home" value="/usr/lib/jvm/java-11-openjdk-amd64"/>
    <property name="file.separator" value="/"/>
    <property name="basedir" value="/home/ncsa/dev/ncsa-git/qdl/tests"/>
    <property name="java.vm.compressedOopsMode" value="Zero based"/>
    <property name="line.separator" value="&#10;"/>
    <property name="java.specification.name" value="Java Platform API Specification"/>
    <property name="java.vm.specification.vendor" value="Oracle Corporation"/>
    <property name="java.awt.graphicsenv" value="sun.awt.X11GraphicsEnvironment"/>
    <property name="surefire.real.class.path" value="/home/ncsa/dev/ncsa-git/qdl/tests/target/surefire/surefirebooter-20240607165449766_3.jar"/>
    <property name="sun.management.compiler" value="HotSpot 64-Bit Tiered Compilers"/>
    <property name="java.runtime.version" value="11.0.22+7-post-Ubuntu-0ubuntu220.04.1"/>
    <property name="user.name" value="ncsa"/>
    <property name="path.separator" value=":"/>
    <property name="os.version" value="5.4.0-182-generic"/>
    <property name="java.runtime.name" value="OpenJDK Runtime Environment"/>
    <property name="file.encoding" value="UTF-8"/>
    <property name="java.vm.name" value="OpenJDK 64-Bit Server VM"/>
    <property name="localRepository" value="/home/ncsa/.m2/repository"/>
    <property name="java.vendor.url.bug" value="https://bugs.launchpad.net/ubuntu/+source/openjdk-lts"/>
    <property name="java.io.tmpdir" value="/tmp"/>
    <property name="java.version" value="11.0.22"/>
    <property name="user.dir" value="/home/ncsa/dev/ncsa-git/qdl/tests"/>
    <property name="os.arch" value="amd64"/>
    <property name="java.vm.specification.name" value="Java Virtual Machine Specification"/>
    <property name="java.awt.printerjob" value="sun.print.PSPrinterJob"/>
    <property name="sun.os.patch.level" value="unknown"/>
    <property name="java.library.path" value="/usr/java/packages/lib:/usr/lib/x86_64-linux-gnu/jni:/lib/x86_64-linux-gnu:/usr/lib/x86_64-linux-gnu:/usr/lib/jni:/lib:/usr/lib"/>
    <property name="java.vm.info" value="mixed mode, sharing"/>
    <property name="java.vendor" value="Ubuntu"/>
    <property name="java.vm.version" value="11.0.22+7-post-Ubuntu-0ubuntu220.04.1"/>
    <property name="java.specification.maintenance.version" value="2"/>
    <property name="sun.io.unicode.encoding" value="UnicodeLittle"/>
    <property name="java.class.version" value="55.0"/>
  </properties>
  <testcase name="testLocalVariableAssignInFunctions" classname="edu.uiuc.ncsa.qdl.QDLVariableTest" time="0.287"/>
  <testcase name="testLocalVariableAssignInScriptRun" classname="edu.uiuc.ncsa.qdl.QDLVariableTest" time="0.035"/>
  <testcase name="testRemoveStemEntry" classname="edu.uiuc.ncsa.qdl.QDLVariableTest" time="0.029"/>
  <testcase name="testRemoveStemEntry2" classname="edu.uiuc.ncsa.qdl.QDLVariableTest" time="0.009"/>
  <testcase name="testIsFunction" classname="edu.uiuc.ncsa.qdl.QDLVariableTest" time="0.537"/>
  <testcase name="testRemoveVariable" classname="edu.uiuc.ncsa.qdl.QDLVariableTest" time="0.001"/>
  <testcase name="testRemoveStem" classname="edu.uiuc.ncsa.qdl.QDLVariableTest" time="0.003"/>
  <testcase name="testVariables" classname="edu.uiuc.ncsa.qdl.QDLVariableTest" time="0"/>
  <testcase name="testDeepResolutionSet" classname="edu.uiuc.ncsa.qdl.QDLVariableTest" time="0.003"/>
  <testcase name="testStemVariables" classname="edu.uiuc.ncsa.qdl.QDLVariableTest" time="0.001"/>
  <testcase name="testDeepResolution" classname="edu.uiuc.ncsa.qdl.QDLVariableTest" time="0.001"/>
  <testcase name="testLocalVariableAssignInScriptLoad1" classname="edu.uiuc.ncsa.qdl.QDLVariableTest" time="0.007"/>
  <testcase name="testLocalVariableAssignInScriptLoad2" classname="edu.uiuc.ncsa.qdl.QDLVariableTest" time="0.006"/>
  <testcase name="testIsDefined" classname="edu.uiuc.ncsa.qdl.QDLVariableTest" time="0.134"/>
  <testcase name="testRemove" classname="edu.uiuc.ncsa.qdl.QDLVariableTest" time="0"/>
  <testcase name="testRemoveVariables" classname="edu.uiuc.ncsa.qdl.QDLVariableTest" time="0.002"/>
  <testcase name="testPassingJavaArguments" classname="edu.uiuc.ncsa.qdl.ModuleTests" time="0.06"/>
  <testcase name="testBadSystemNamespace" classname="edu.uiuc.ncsa.qdl.ModuleTests" time="0.003"/>
  <testcase name="testBasicScope" classname="edu.uiuc.ncsa.qdl.ModuleTests" time="0.008"/>
  <testcase name="testPassingModule" classname="edu.uiuc.ncsa.qdl.ModuleTests" time="0.007"/>
  <testcase name="testIntrinsicFunction1" classname="edu.uiuc.ncsa.qdl.ModuleTests" time="0.002"/>
  <testcase name="testBasicVisibility" classname="edu.uiuc.ncsa.qdl.ModuleTests" time="0.01"/>
  <testcase name="testBasicLoad" classname="edu.uiuc.ncsa.qdl.ModuleTests" time="0.029"/>
  <testcase name="testIntrinsicStem" classname="edu.uiuc.ncsa.qdl.ModuleTests" time="0.011"/>
  <testcase name="testBasicVisibility2" classname="edu.uiuc.ncsa.qdl.ModuleTests" time="0.005"/>
  <testcase name="testSnapshotModuleState" classname="edu.uiuc.ncsa.qdl.ModuleTests" time="0.037"/>
  <testcase name="testBasicMonadicApplyForNestedModule" classname="edu.uiuc.ncsa.qdl.ModuleTests" time="0.012"/>
  <testcase name="testFunctionReferenceResolution1" classname="edu.uiuc.ncsa.qdl.ModuleTests" time="0.019"/>
  <testcase name="testFunctionReferenceResolution2" classname="edu.uiuc.ncsa.qdl.ModuleTests" time="0.017"/>
  <testcase name="testFunctionReferenceResolution3" classname="edu.uiuc.ncsa.qdl.ModuleTests" time="0.019"/>
  <testcase name="testFunctionReferenceResolution4" classname="edu.uiuc.ncsa.qdl.ModuleTests" time="0.028"/>
  <testcase name="testBasicMonadicApplyForModule" classname="edu.uiuc.ncsa.qdl.ModuleTests" time="0.004"/>
  <testcase name="testUseSerialzation" classname="edu.uiuc.ncsa.qdl.ModuleTests" time="0.008"/>
  <testcase name="testFunctionReferenceResolution" classname="edu.uiuc.ncsa.qdl.ModuleTests" time="0.011"/>
  <testcase name="testBasicDyadicApplyForNestedModule1" classname="edu.uiuc.ncsa.qdl.ModuleTests" time="0.025"/>
  <testcase name="testBasicDyadicApplyForNestedModule2" classname="edu.uiuc.ncsa.qdl.ModuleTests" time="0.008"/>
  <testcase name="testIntrinsic1" classname="edu.uiuc.ncsa.qdl.ModuleTests" time="0.001"/>
  <testcase name="testIntrinsic2" classname="edu.uiuc.ncsa.qdl.ModuleTests" time="0.008"/>
  <testcase name="testOverloadOfSystemFunction" classname="edu.uiuc.ncsa.qdl.ModuleTests" time="0.004"/>
  <testcase name="testBasicNesting" classname="edu.uiuc.ncsa.qdl.ModuleTests" time="0.02"/>
  <testcase name="testDeepNesting" classname="edu.uiuc.ncsa.qdl.ModuleTests" time="0.103"/>
  <testcase name="testSerializingJavaArguments" classname="edu.uiuc.ncsa.qdl.ModuleTests" time="0.008"/>
  <testcase name="testSharedModuleState" classname="edu.uiuc.ncsa.qdl.ModuleTests" time="0.042"/>
  <testcase name="testPassingFunctionArgument" classname="edu.uiuc.ncsa.qdl.ModuleTests" time="0.006"/>
  <testcase name="testJLoadForSystemTools" classname="edu.uiuc.ncsa.qdl.ModuleTests" time="0.011"/>
  <testcase name="testLocalUseInModule" classname="edu.uiuc.ncsa.qdl.ModuleTests" time="0.704"/>
  <testcase name="testGithub45" classname="edu.uiuc.ncsa.qdl.ModuleTests" time="0.079"/>
  <testcase name="testBasicDyadicApplyForModule1" classname="edu.uiuc.ncsa.qdl.ModuleTests" time="0.004"/>
  <testcase name="testBasicDyadicApplyForModule2" classname="edu.uiuc.ncsa.qdl.ModuleTests" time="0.003"/>
  <testcase name="testMinusMinusPrefix" classname="edu.uiuc.ncsa.qdl.TestMonadicOperations" time="0.001"/>
  <testcase name="testMinusPrefix" classname="edu.uiuc.ncsa.qdl.TestMonadicOperations" time="0"/>
  <testcase name="testMMAndPPParsing" classname="edu.uiuc.ncsa.qdl.TestMonadicOperations" time="0.005"/>
  <testcase name="testPlusPlusPrefix" classname="edu.uiuc.ncsa.qdl.TestMonadicOperations" time="0"/>
  <testcase name="testPlusPlusPostfix" classname="edu.uiuc.ncsa.qdl.TestMonadicOperations" time="0"/>
  <testcase name="testMinusMinusPostfix" classname="edu.uiuc.ncsa.qdl.TestMonadicOperations" time="0.001"/>
  <testcase name="testNotPrefix" classname="edu.uiuc.ncsa.qdl.TestMonadicOperations" time="0"/>
  <testcase name="testStringEquality" classname="edu.uiuc.ncsa.qdl.TestDyadicOperations" time="0.001"/>
  <testcase name="testStemScalarPlus" classname="edu.uiuc.ncsa.qdl.TestDyadicOperations" time="0.001"/>
  <testcase name="testDyadicBDPlus" classname="edu.uiuc.ncsa.qdl.TestDyadicOperations" time="0"/>
  <testcase name="testLongComparison2" classname="edu.uiuc.ncsa.qdl.TestDyadicOperations" time="0.003"/>
  <testcase name="testDyadicStringMinus" classname="edu.uiuc.ncsa.qdl.TestDyadicOperations" time="0.001"/>
  <testcase name="testDyadicLongPlus" classname="edu.uiuc.ncsa.qdl.TestDyadicOperations" time="0"/>
  <testcase name="testLongEquality" classname="edu.uiuc.ncsa.qdl.TestDyadicOperations" time="0.001"/>
  <testcase name="testBDEquality" classname="edu.uiuc.ncsa.qdl.TestDyadicOperations" time="0.001"/>
  <testcase name="testLongComparison" classname="edu.uiuc.ncsa.qdl.TestDyadicOperations" time="0"/>
  <testcase name="testChainedVariableInequalties" classname="edu.uiuc.ncsa.qdl.TestDyadicOperations" time="0.009"/>
  <testcase name="testDyadicStringPlus" classname="edu.uiuc.ncsa.qdl.TestDyadicOperations" time="0"/>
  <testcase name="testDyadicStringMinus2" classname="edu.uiuc.ncsa.qdl.TestDyadicOperations" time="0.001"/>
  <testcase name="testMixedUnequals2" classname="edu.uiuc.ncsa.qdl.TestDyadicOperations" time="0.005"/>
  <testcase name="testVariableExpression" classname="edu.uiuc.ncsa.qdl.TestDyadicOperations" time="0"/>
  <testcase name="testChainedConstantInequalties" classname="edu.uiuc.ncsa.qdl.TestDyadicOperations" time="0.024"/>
  <testcase name="testMixedEquality2" classname="edu.uiuc.ncsa.qdl.TestDyadicOperations" time="0.001"/>
  <testcase name="testMixedUnequals" classname="edu.uiuc.ncsa.qdl.TestDyadicOperations" time="0.004"/>
  <testcase name="testDyadicBDMinus" classname="edu.uiuc.ncsa.qdl.TestDyadicOperations" time="0"/>
  <testcase name="testDyadicLongMinus" classname="edu.uiuc.ncsa.qdl.TestDyadicOperations" time="0"/>
  <testcase name="testChainedRegex" classname="edu.uiuc.ncsa.qdl.TestDyadicOperations" time="0.01"/>
  <testcase name="testChainedWhile" classname="edu.uiuc.ncsa.qdl.TestDyadicOperations" time="0"/>
  <testcase name="testLongEquality2" classname="edu.uiuc.ncsa.qdl.TestDyadicOperations" time="0"/>
  <testcase name="testDyadicMixedMinus" classname="edu.uiuc.ncsa.qdl.TestDyadicOperations" time="0"/>
  <testcase name="testMixedEquality" classname="edu.uiuc.ncsa.qdl.TestDyadicOperations" time="0"/>
  <testcase name="testBDEquality2" classname="edu.uiuc.ncsa.qdl.TestDyadicOperations" time="0"/>
  <testcase name="testDyadicMixedPlus" classname="edu.uiuc.ncsa.qdl.TestDyadicOperations" time="0"/>
  <testcase name="testOOO" classname="edu.uiuc.ncsa.qdl.SetTest" time="0.008"/>
  <testcase name="testUnion" classname="edu.uiuc.ncsa.qdl.SetTest" time="0.002"/>
  <testcase name="testLoop" classname="edu.uiuc.ncsa.qdl.SetTest" time="0.002"/>
  <testcase name="testSize" classname="edu.uiuc.ncsa.qdl.SetTest" time="0.024"/>
  <testcase name="testToSetOOO" classname="edu.uiuc.ncsa.qdl.SetTest" time="0.001"/>
  <testcase name="testEpsilonOnStem" classname="edu.uiuc.ncsa.qdl.SetTest" time="0.006"/>
  <testcase name="testBDMembership" classname="edu.uiuc.ncsa.qdl.SetTest" time="0.002"/>
  <testcase name="testSymmetricDifference" classname="edu.uiuc.ncsa.qdl.SetTest" time="0.001"/>
  <testcase name="testMemberOf" classname="edu.uiuc.ncsa.qdl.SetTest" time="0.001"/>
  <testcase name="testOperator" classname="edu.uiuc.ncsa.qdl.SetTest" time="0.002"/>
  <testcase name="testASCIIIntersection" classname="edu.uiuc.ncsa.qdl.SetTest" time="0"/>
  <testcase name="testSetCreate" classname="edu.uiuc.ncsa.qdl.SetTest" time="0.001"/>
  <testcase name="testDifference" classname="edu.uiuc.ncsa.qdl.SetTest" time="0.024"/>
  <testcase name="testASCIIUnion" classname="edu.uiuc.ncsa.qdl.SetTest" time="0.002"/>
  <testcase name="testSetInclusion" classname="edu.uiuc.ncsa.qdl.SetTest" time="0.002"/>
  <testcase name="testIntersection" classname="edu.uiuc.ncsa.qdl.SetTest" time="0"/>
  <testcase name="testToSetForEach" classname="edu.uiuc.ncsa.qdl.SetTest" time="0.004"/>
  <testcase name="testForEachMembership" classname="edu.uiuc.ncsa.qdl.SetTest" time="0.003"/>
  <testcase name="testSetToList" classname="edu.uiuc.ncsa.qdl.SetTest" time="0.001"/>
  <testcase name="testNested" classname="edu.uiuc.ncsa.qdl.SetTest" time="0.035"/>
  <testcase name="testReduce" classname="edu.uiuc.ncsa.qdl.SetTest" time="0.002"/>
  <testcase name="testSubset" classname="edu.uiuc.ncsa.qdl.SetTest" time="0.003"/>
  <testcase name="testSubsetContract" classname="edu.uiuc.ncsa.qdl.SetTest" time="0.004"/>
  <testcase name="testIdentities" classname="edu.uiuc.ncsa.qdl.SetTest" time="0.222"/>
  <testcase name="testExpression1a" classname="edu.uiuc.ncsa.qdl.ExpressionTest" time="0.002"/>
  <testcase name="testInputForm" classname="edu.uiuc.ncsa.qdl.ExpressionTest" time="0.008"/>
  <testcase name="testAssignmentExpression" classname="edu.uiuc.ncsa.qdl.ExpressionTest" time="0"/>
  <testcase name="testStemAssignments" classname="edu.uiuc.ncsa.qdl.ExpressionTest" time="0.01"/>
  <testcase name="testOverloadedMultipleAssignments" classname="edu.uiuc.ncsa.qdl.ExpressionTest" time="0.002"/>
  <testcase name="testRMultipleAssignments" classname="edu.uiuc.ncsa.qdl.ExpressionTest" time="0.001"/>
  <testcase name="testExpression1" classname="edu.uiuc.ncsa.qdl.ExpressionTest" time="0.001"/>
  <testcase name="testStemAssignments0" classname="edu.uiuc.ncsa.qdl.ExpressionTest" time="0.001"/>
  <testcase name="testStemAssignments1" classname="edu.uiuc.ncsa.qdl.ExpressionTest" time="0"/>
  <testcase name="testStemAssignments2" classname="edu.uiuc.ncsa.qdl.ExpressionTest" time="0.001"/>
  <testcase name="testStemAssignments3" classname="edu.uiuc.ncsa.qdl.ExpressionTest" time="0.001"/>
  <testcase name="testStemAssignments4" classname="edu.uiuc.ncsa.qdl.ExpressionTest" time="0.002"/>
  <testcase name="testStemAssignments5" classname="edu.uiuc.ncsa.qdl.ExpressionTest" time="0.001"/>
  <testcase name="testMakeCopy" classname="edu.uiuc.ncsa.qdl.ExpressionTest" time="0"/>
  <testcase name="testInlineConditional" classname="edu.uiuc.ncsa.qdl.ExpressionTest" time="0.028"/>
  <testcase name="testMultipleAssignments" classname="edu.uiuc.ncsa.qdl.ExpressionTest" time="0.002"/>
  <testcase name="testCatchAssertion" classname="edu.uiuc.ncsa.qdl.StatementTest" time="0.003"/>
  <testcase name="testSwitchDefault1" classname="edu.uiuc.ncsa.qdl.StatementTest" time="0.003"/>
  <testcase name="testLoopWithTryAndContinue2a" classname="edu.uiuc.ncsa.qdl.StatementTest" time="0.004"/>
  <testcase name="testTernary" classname="edu.uiuc.ncsa.qdl.StatementTest" time="0.004"/>
  <testcase name="testTryCatch" classname="edu.uiuc.ncsa.qdl.StatementTest" time="0.002"/>
  <testcase name="testLoopWithTryAndContinue2" classname="edu.uiuc.ncsa.qdl.StatementTest" time="0.003"/>
  <testcase name="testTernaryArrow" classname="edu.uiuc.ncsa.qdl.StatementTest" time="0.002"/>
  <testcase name="testVariableBlock" classname="edu.uiuc.ncsa.qdl.StatementTest" time="0.001"/>
  <testcase name="testBasicLoop" classname="edu.uiuc.ncsa.qdl.StatementTest" time="0.002"/>
  <testcase name="testLoopWithTryAndContinue" classname="edu.uiuc.ncsa.qdl.StatementTest" time="0.002"/>
  <testcase name="testReservedWordAssignments" classname="edu.uiuc.ncsa.qdl.StatementTest" time="0.001"/>
  <testcase name="testBadLoop" classname="edu.uiuc.ncsa.qdl.StatementTest" time="0.001"/>
  <testcase name="testFunctionBlock" classname="edu.uiuc.ncsa.qdl.StatementTest" time="0.001"/>
  <testcase name="testLoopWithTryAndBreak" classname="edu.uiuc.ncsa.qdl.StatementTest" time="0.002"/>
  <testcase name="testStemTernary" classname="edu.uiuc.ncsa.qdl.StatementTest" time="0.003"/>
  <testcase name="testSwitchDefault" classname="edu.uiuc.ncsa.qdl.StatementTest" time="0.002"/>
  <testcase name="testAssert" classname="edu.uiuc.ncsa.qdl.StatementTest" time="0.001"/>
  <testcase name="testFunctionDefinitionVariableVisibility" classname="edu.uiuc.ncsa.qdl.StatementTest" time="0.004"/>
  <testcase name="testBadAssert1" classname="edu.uiuc.ncsa.qdl.StatementTest" time="0.001"/>
  <testcase name="testBadAssert2" classname="edu.uiuc.ncsa.qdl.StatementTest" time="0"/>
  <testcase name="testSwitch0" classname="edu.uiuc.ncsa.qdl.StatementTest" time="0.002"/>
  <testcase name="testSwitch1" classname="edu.uiuc.ncsa.qdl.StatementTest" time="0.002"/>
  <testcase name="testSwitch2" classname="edu.uiuc.ncsa.qdl.StatementTest" time="0.002"/>
  <testcase name="testIniFileRead" classname="edu.uiuc.ncsa.qdl.IOFunctionTest" time="0.02"/>
  <testcase name="testSay" classname="edu.uiuc.ncsa.qdl.IOFunctionTest" time="0.002">
    <system-out><![CDATA[Check that the phrase "These are not the droids you are looking for" is printed:
These are not the droids you are looking for
]]></system-out>
  </testcase>
  <testcase name="testClipboardExists" classname="edu.uiuc.ncsa.qdl.IOFunctionTest" time="0">
    <system-out><![CDATA[Clipboard test exist skipped
]]></system-out>
  </testcase>
  <testcase name="testIniFileWrite" classname="edu.uiuc.ncsa.qdl.IOFunctionTest" time="0.024"/>
  <testcase name="testClipboardWriteAndRead" classname="edu.uiuc.ncsa.qdl.IOFunctionTest" time="0.001">
    <system-out><![CDATA[Clipboard test read/write skipped
]]></system-out>
  </testcase>
  <testcase name="testStringMultiplication" classname="edu.uiuc.ncsa.qdl.StringFunctionTests" time="0.005"/>
  <testcase name="testStringReplace2a" classname="edu.uiuc.ncsa.qdl.StringFunctionTests" time="0.006"/>
  <testcase name="testIndexOfStemString" classname="edu.uiuc.ncsa.qdl.StringFunctionTests" time="0.001"/>
  <testcase name="testIndexOfStemStem" classname="edu.uiuc.ncsa.qdl.StringFunctionTests" time="0.001"/>
  <testcase name="testIndexOfStemString_ignoreCase" classname="edu.uiuc.ncsa.qdl.StringFunctionTests" time="0"/>
  <testcase name="testStringReplace" classname="edu.uiuc.ncsa.qdl.StringFunctionTests" time="0.008"/>
  <testcase name="testDiff" classname="edu.uiuc.ncsa.qdl.StringFunctionTests" time="0.011"/>
  <testcase name="testNumberTrim" classname="edu.uiuc.ncsa.qdl.StringFunctionTests" time="0"/>
  <testcase name="testSetReplace" classname="edu.uiuc.ncsa.qdl.StringFunctionTests" time="0.005"/>
  <testcase name="testInsertStemString" classname="edu.uiuc.ncsa.qdl.StringFunctionTests" time="0.001"/>
  <testcase name="testIndexOfStringString" classname="edu.uiuc.ncsa.qdl.StringFunctionTests" time="0.001"/>
  <testcase name="testAllStringReplace" classname="edu.uiuc.ncsa.qdl.StringFunctionTests" time="0.002"/>
  <testcase name="testContainsStemStringCaseInsensitive" classname="edu.uiuc.ncsa.qdl.StringFunctionTests" time="0"/>
  <testcase name="testContainsStringStem" classname="edu.uiuc.ncsa.qdl.StringFunctionTests" time="0"/>
  <testcase name="testContainsStemStem" classname="edu.uiuc.ncsa.qdl.StringFunctionTests" time="0"/>
  <testcase name="testContainsStringString" classname="edu.uiuc.ncsa.qdl.StringFunctionTests" time="0.001"/>
  <testcase name="testEncodeAndDecode" classname="edu.uiuc.ncsa.qdl.StringFunctionTests" time="0.022"/>
  <testcase name="testUnicodeEscapes" classname="edu.uiuc.ncsa.qdl.StringFunctionTests" time="0.002"/>
  <testcase name="testStemSetReplace" classname="edu.uiuc.ncsa.qdl.StringFunctionTests" time="0.01"/>
  <testcase name="testIndexOfGaps" classname="edu.uiuc.ncsa.qdl.StringFunctionTests" time="0.004"/>
  <testcase name="testStringToLower" classname="edu.uiuc.ncsa.qdl.StringFunctionTests" time="0.001"/>
  <testcase name="testStringToUpper" classname="edu.uiuc.ncsa.qdl.StringFunctionTests" time="0"/>
  <testcase name="testRegexTokenize" classname="edu.uiuc.ncsa.qdl.StringFunctionTests" time="0.005"/>
  <testcase name="testStringReplaceWithRegex" classname="edu.uiuc.ncsa.qdl.StringFunctionTests" time="0.002"/>
  <testcase name="testStemToLower" classname="edu.uiuc.ncsa.qdl.StringFunctionTests" time="0.001"/>
  <testcase name="testStemToUpper" classname="edu.uiuc.ncsa.qdl.StringFunctionTests" time="0"/>
  <testcase name="testSubstring" classname="edu.uiuc.ncsa.qdl.StringFunctionTests" time="0.002"/>
  <testcase name="testStringReplace2" classname="edu.uiuc.ncsa.qdl.StringFunctionTests" time="0.004"/>
  <testcase name="testStringReplace3" classname="edu.uiuc.ncsa.qdl.StringFunctionTests" time="0.005"/>
  <testcase name="testIndexOfStringStem" classname="edu.uiuc.ncsa.qdl.StringFunctionTests" time="0.001"/>
  <testcase name="testContainsStemString" classname="edu.uiuc.ncsa.qdl.StringFunctionTests" time="0"/>
  <testcase name="testInsertStemStem" classname="edu.uiuc.ncsa.qdl.StringFunctionTests" time="0"/>
  <testcase name="testIndexOf" classname="edu.uiuc.ncsa.qdl.StringFunctionTests" time="0.007"/>
  <testcase name="testInsertStringString" classname="edu.uiuc.ncsa.qdl.StringFunctionTests" time="0.002"/>
  <testcase name="testStringComparisons" classname="edu.uiuc.ncsa.qdl.StringFunctionTests" time="0.003"/>
  <testcase name="testStringTrim" classname="edu.uiuc.ncsa.qdl.StringFunctionTests" time="0"/>
  <testcase name="testRegexMatches" classname="edu.uiuc.ncsa.qdl.StringFunctionTests" time="0.002"/>
  <testcase name="testDetokenize" classname="edu.uiuc.ncsa.qdl.StringFunctionTests" time="0.003"/>
  <testcase name="testStemTrim" classname="edu.uiuc.ncsa.qdl.StringFunctionTests" time="0"/>
  <testcase name="testSignedNumbers" classname="edu.uiuc.ncsa.qdl.MathFunctionsTest" time="0.044"/>
  <testcase name="testRandomValue" classname="edu.uiuc.ncsa.qdl.MathFunctionsTest" time="0"/>
  <testcase name="testRandomValueWithArg" classname="edu.uiuc.ncsa.qdl.MathFunctionsTest" time="0.001"/>
  <testcase name="testRoots" classname="edu.uiuc.ncsa.qdl.MathFunctionsTest" time="0.018"/>
  <testcase name="testToHex" classname="edu.uiuc.ncsa.qdl.MathFunctionsTest" time="0.001"/>
  <testcase name="testHash" classname="edu.uiuc.ncsa.qdl.MathFunctionsTest" time="0.012"/>
  <testcase name="testFromHex" classname="edu.uiuc.ncsa.qdl.MathFunctionsTest" time="0"/>
  <testcase name="testSignedIndex" classname="edu.uiuc.ncsa.qdl.MathFunctionsTest" time="0.004"/>
  <testcase name="testCodecStem" classname="edu.uiuc.ncsa.qdl.MathFunctionsTest" time="0.043"/>
  <testcase name="testAbsoluteValueStem" classname="edu.uiuc.ncsa.qdl.MathFunctionsTest" time="0"/>
  <testcase name="testCodecSet" classname="edu.uiuc.ncsa.qdl.MathFunctionsTest" time="0.001"/>
  <testcase name="testB64Decode" classname="edu.uiuc.ncsa.qdl.MathFunctionsTest" time="0.001"/>
  <testcase name="testB64Encode" classname="edu.uiuc.ncsa.qdl.MathFunctionsTest" time="0.001"/>
  <testcase name="testRandomStringWithArg" classname="edu.uiuc.ncsa.qdl.MathFunctionsTest" time="0"/>
  <testcase name="testRandomString" classname="edu.uiuc.ncsa.qdl.MathFunctionsTest" time="0"/>
  <testcase name="testRaisedSignedNumbers" classname="edu.uiuc.ncsa.qdl.MathFunctionsTest" time="0.006"/>
  <testcase name="testHashStem" classname="edu.uiuc.ncsa.qdl.MathFunctionsTest" time="0.001"/>
  <testcase name="testAbsoluteValue" classname="edu.uiuc.ncsa.qdl.MathFunctionsTest" time="0"/>
  <testcase name="testBigMod" classname="edu.uiuc.ncsa.qdl.MathFunctionsTest" time="0.025"/>
  <testcase name="testMinMax" classname="edu.uiuc.ncsa.qdl.MathFunctionsTest" time="0.003"/>
  <testcase name="testRecursion" classname="edu.uiuc.ncsa.qdl.MathFunctionsTest" time="2.91"/>
  <testcase name="testForEachInitialScalar" classname="edu.uiuc.ncsa.qdl.StemTest" time="0.003"/>
  <testcase name="testRenameKeys" classname="edu.uiuc.ncsa.qdl.StemTest" time="0.002"/>
  <testcase name="testTildeDefaultValues" classname="edu.uiuc.ncsa.qdl.StemTest" time="0.004"/>
  <testcase name="testSetStemToScalar" classname="edu.uiuc.ncsa.qdl.StemTest" time="0.001"/>
  <testcase name="testGeneralRemap" classname="edu.uiuc.ncsa.qdl.StemTest" time="0.011"/>
  <testcase name="testForEachScalar2" classname="edu.uiuc.ncsa.qdl.StemTest" time="0.001"/>
  <testcase name="testAllIntKeys" classname="edu.uiuc.ncsa.qdl.StemTest" time="0.007"/>
  <testcase name="testExtraIndices2" classname="edu.uiuc.ncsa.qdl.StemTest" time="0.004"/>
  <testcase name="testRenameKeysWithOverWrite2" classname="edu.uiuc.ncsa.qdl.StemTest" time="0.004"/>
  <testcase name="testAddList" classname="edu.uiuc.ncsa.qdl.StemTest" time="0"/>
  <testcase name="testAxisOperator" classname="edu.uiuc.ncsa.qdl.StemTest" time="0.011"/>
  <testcase name="testSimpleSF0" classname="edu.uiuc.ncsa.qdl.StemTest" time="0.001"/>
  <testcase name="testSimpleSF1" classname="edu.uiuc.ncsa.qdl.StemTest" time="0.001"/>
  <testcase name="testSimpleSF2" classname="edu.uiuc.ncsa.qdl.StemTest" time="0.002"/>
  <testcase name="testSimpleSF3" classname="edu.uiuc.ncsa.qdl.StemTest" time="0.001"/>
  <testcase name="testBadValue" classname="edu.uiuc.ncsa.qdl.StemTest" time="0"/>
  <testcase name="testJSONArray2" classname="edu.uiuc.ncsa.qdl.StemTest" time="0"/>
  <testcase name="testAllKeys" classname="edu.uiuc.ncsa.qdl.StemTest" time="0.016"/>
  <testcase name="testMultiIndex2" classname="edu.uiuc.ncsa.qdl.StemTest" time="0.002"/>
  <testcase name="testParserListKeyFiltering" classname="edu.uiuc.ncsa.qdl.StemTest" time="0.002"/>
  <testcase name="testRank2" classname="edu.uiuc.ncsa.qdl.StemTest" time="0.001"/>
  <testcase name="testCopy" classname="edu.uiuc.ncsa.qdl.StemTest" time="0.006"/>
  <testcase name="testDiff" classname="edu.uiuc.ncsa.qdl.StemTest" time="0.014"/>
  <testcase name="testKeys" classname="edu.uiuc.ncsa.qdl.StemTest" time="0"/>
  <testcase name="testRank" classname="edu.uiuc.ncsa.qdl.StemTest" time="0"/>
  <testcase name="testSort" classname="edu.uiuc.ncsa.qdl.StemTest" time="0.007"/>
  <testcase name="testBadRelativeIndicesSet" classname="edu.uiuc.ncsa.qdl.StemTest" time="0.004"/>
  <testcase name="testobjectAppend" classname="edu.uiuc.ncsa.qdl.StemTest" time="0"/>
  <testcase name="testBadSFEmbeddedStem" classname="edu.uiuc.ncsa.qdl.StemTest" time="0.009"/>
  <testcase name="testListAppend" classname="edu.uiuc.ncsa.qdl.StemTest" time="0.001"/>
  <testcase name="testSubsetSparseContract" classname="edu.uiuc.ncsa.qdl.StemTest" time="0.004"/>
  <testcase name="testSFEmbeddedStem" classname="edu.uiuc.ncsa.qdl.StemTest" time="0.003"/>
  <testcase name="testExpressionStemNodeAssignment" classname="edu.uiuc.ncsa.qdl.StemTest" time="0.017"/>
  <testcase name="testListInsert" classname="edu.uiuc.ncsa.qdl.StemTest" time="0"/>
  <testcase name="testJSONExtractions2" classname="edu.uiuc.ncsa.qdl.StemTest" time="0.026"/>
  <testcase name="testExtractionFiniteCase" classname="edu.uiuc.ncsa.qdl.StemTest" time="0.021"/>
  <testcase name="testExtractionCompare" classname="edu.uiuc.ncsa.qdl.StemTest" time="0.039"/>
  <testcase name="testSparseListInsert" classname="edu.uiuc.ncsa.qdl.StemTest" time="0.005"/>
  <testcase name="testSetDefault" classname="edu.uiuc.ncsa.qdl.StemTest" time="0.006"/>
  <testcase name="testThreeRankStem" classname="edu.uiuc.ncsa.qdl.StemTest" time="0.006"/>
  <testcase name="testDimension" classname="edu.uiuc.ncsa.qdl.StemTest" time="0.002"/>
  <testcase name="testIncludeKeys" classname="edu.uiuc.ncsa.qdl.StemTest" time="0"/>
  <testcase name="testListSubset" classname="edu.uiuc.ncsa.qdl.StemTest" time="0.001"/>
  <testcase name="testRemapRenameKeys2" classname="edu.uiuc.ncsa.qdl.StemTest" time="0.003"/>
  <testcase name="testRemapRenameKeys3" classname="edu.uiuc.ncsa.qdl.StemTest" time="0.004"/>
  <testcase name="testExcludeScalarKey" classname="edu.uiuc.ncsa.qdl.StemTest" time="0"/>
  <testcase name="testDimension3" classname="edu.uiuc.ncsa.qdl.StemTest" time="0.002"/>
  <testcase name="testUnaryTilde" classname="edu.uiuc.ncsa.qdl.StemTest" time="0.007"/>
  <testcase name="testExtractionWildcard" classname="edu.uiuc.ncsa.qdl.StemTest" time="0.005"/>
  <testcase name="testIncludeScalarKey" classname="edu.uiuc.ncsa.qdl.StemTest" time="0"/>
  <testcase name="testRelativeIndicesSet" classname="edu.uiuc.ncsa.qdl.StemTest" time="0.003"/>
  <testcase name="testTailParentheses" classname="edu.uiuc.ncsa.qdl.StemTest" time="0.021"/>
  <testcase name="testDefault_NoStem" classname="edu.uiuc.ncsa.qdl.StemTest" time="0"/>
  <testcase name="testmakeIndex" classname="edu.uiuc.ncsa.qdl.StemTest" time="0.001"/>
  <testcase name="testSubsetDyadicPick" classname="edu.uiuc.ncsa.qdl.StemTest" time="0.007"/>
  <testcase name="testMidTailResolution" classname="edu.uiuc.ncsa.qdl.StemTest" time="0.003"/>
  <testcase name="testExtraIndices" classname="edu.uiuc.ncsa.qdl.StemTest" time="0"/>
  <testcase name="testParserKeyFiltering" classname="edu.uiuc.ncsa.qdl.StemTest" time="0.002"/>
  <testcase name="testHasScalarKeys" classname="edu.uiuc.ncsa.qdl.StemTest" time="0.001"/>
  <testcase name="testForEachTrailingScalar" classname="edu.uiuc.ncsa.qdl.StemTest" time="0.001"/>
  <testcase name="testExtractionWildcard2" classname="edu.uiuc.ncsa.qdl.StemTest" time="0.004"/>
  <testcase name="testdefaultValue" classname="edu.uiuc.ncsa.qdl.StemTest" time="0"/>
  <testcase name="testBadRelativeIndex" classname="edu.uiuc.ncsa.qdl.StemTest" time="0.001"/>
  <testcase name="testExtractionFiniteCase2" classname="edu.uiuc.ncsa.qdl.StemTest" time="0.006"/>
  <testcase name="testHasKeys" classname="edu.uiuc.ncsa.qdl.StemTest" time="0.001"/>
  <testcase name="testMonadicTransposeOperator" classname="edu.uiuc.ncsa.qdl.StemTest" time="0.005"/>
  <testcase name="testJSONArray" classname="edu.uiuc.ncsa.qdl.StemTest" time="0.001"/>
  <testcase name="testRemoveStem" classname="edu.uiuc.ncsa.qdl.StemTest" time="0"/>
  <testcase name="testCommonKeys" classname="edu.uiuc.ncsa.qdl.StemTest" time="0.001"/>
  <testcase name="testRoundtripJSONWithNull" classname="edu.uiuc.ncsa.qdl.StemTest" time="0.002"/>
  <testcase name="testMultiIndex" classname="edu.uiuc.ncsa.qdl.StemTest" time="0.002"/>
  <testcase name="testExcludeKeys" classname="edu.uiuc.ncsa.qdl.StemTest" time="0"/>
  <testcase name="testInitialStem" classname="edu.uiuc.ncsa.qdl.StemTest" time="0.005"/>
  <testcase name="testForEach3Axes" classname="edu.uiuc.ncsa.qdl.StemTest" time="0.023"/>
  <testcase name="testForEach4Axes" classname="edu.uiuc.ncsa.qdl.StemTest" time="0.028"/>
  <testcase name="testForEachMonad" classname="edu.uiuc.ncsa.qdl.StemTest" time="0.005"/>
  <testcase name="testSimpleSFReturnsStem" classname="edu.uiuc.ncsa.qdl.StemTest" time="0"/>
  <testcase name="testJSONExtractions" classname="edu.uiuc.ncsa.qdl.StemTest" time="0.017"/>
  <testcase name="testTailResolution2" classname="edu.uiuc.ncsa.qdl.StemTest" time="0.007"/>
  <testcase name="testGenericRemap" classname="edu.uiuc.ncsa.qdl.StemTest" time="0.002"/>
  <testcase name="testMultiIndexOverride" classname="edu.uiuc.ncsa.qdl.StemTest" time="0.002"/>
  <testcase name="testRenameKeysWithOverWrite" classname="edu.uiuc.ncsa.qdl.StemTest" time="0.001"/>
  <testcase name="testBasicExpressionStemNodeAssignment" classname="edu.uiuc.ncsa.qdl.StemTest" time="0"/>
  <testcase name="testHasValue" classname="edu.uiuc.ncsa.qdl.StemTest" time="0.002"/>
  <testcase name="testSetScalarToStem" classname="edu.uiuc.ncsa.qdl.StemTest" time="0.001"/>
  <testcase name="testTildeWithDot2" classname="edu.uiuc.ncsa.qdl.StemTest" time="0.002"/>
  <testcase name="testExtractionStemKey" classname="edu.uiuc.ncsa.qdl.StemTest" time="0.006"/>
  <testcase name="testRemapIndexList" classname="edu.uiuc.ncsa.qdl.StemTest" time="0.004"/>
  <testcase name="testEmbeddedIndex" classname="edu.uiuc.ncsa.qdl.StemTest" time="0.018"/>
  <testcase name="testMasklShortCircuit" classname="edu.uiuc.ncsa.qdl.StemTest" time="0.001"/>
  <testcase name="testForEach2" classname="edu.uiuc.ncsa.qdl.StemTest" time="0.012"/>
  <testcase name="testForEach3" classname="edu.uiuc.ncsa.qdl.StemTest" time="0.03"/>
  <testcase name="testInsertAt" classname="edu.uiuc.ncsa.qdl.StemTest" time="0.003"/>
  <testcase name="testDyadicStemSubtraction" classname="edu.uiuc.ncsa.qdl.StemTest" time="0.003"/>
  <testcase name="testSparseListCopy" classname="edu.uiuc.ncsa.qdl.StemTest" time="0.002"/>
  <testcase name="testStemExtraction" classname="edu.uiuc.ncsa.qdl.StemTest" time="0.003"/>
  <testcase name="testRemapIndexList1" classname="edu.uiuc.ncsa.qdl.StemTest" time="0.002"/>
  <testcase name="testSizeString" classname="edu.uiuc.ncsa.qdl.StemTest" time="0"/>
  <testcase name="testForEachMultipleScalar" classname="edu.uiuc.ncsa.qdl.StemTest" time="0.002"/>
  <testcase name="testEvaluteSetDefault" classname="edu.uiuc.ncsa.qdl.StemTest" time="0.006"/>
  <testcase name="testJPathQuery" classname="edu.uiuc.ncsa.qdl.StemTest" time="0.036"/>
  <testcase name="testSizeKeys" classname="edu.uiuc.ncsa.qdl.StemTest" time="0"/>
  <testcase name="testSizeLong" classname="edu.uiuc.ncsa.qdl.StemTest" time="0"/>
  <testcase name="testSizeStem" classname="edu.uiuc.ncsa.qdl.StemTest" time="0"/>
  <testcase name="testSparseListCopySourceFail" classname="edu.uiuc.ncsa.qdl.StemTest" time="0.001"/>
  <testcase name="testExciseList" classname="edu.uiuc.ncsa.qdl.StemTest" time="0.004"/>
  <testcase name="testExciseStem" classname="edu.uiuc.ncsa.qdl.StemTest" time="0.004"/>
  <testcase name="testForEachScalar" classname="edu.uiuc.ncsa.qdl.StemTest" time="0.005"/>
  <testcase name="testForEachAllScalars" classname="edu.uiuc.ncsa.qdl.StemTest" time="0.002"/>
  <testcase name="testSparseListCopy2" classname="edu.uiuc.ncsa.qdl.StemTest" time="0.003"/>
  <testcase name="testForEachMultiDyad" classname="edu.uiuc.ncsa.qdl.StemTest" time="0.015"/>
  <testcase name="testMixedJSON" classname="edu.uiuc.ncsa.qdl.StemTest" time="0"/>
  <testcase name="testRemap3" classname="edu.uiuc.ncsa.qdl.StemTest" time="0.002"/>
  <testcase name="testSubsetMonadicPick" classname="edu.uiuc.ncsa.qdl.StemTest" time="0.004"/>
  <testcase name="testUnique" classname="edu.uiuc.ncsa.qdl.StemTest" time="0.01"/>
  <testcase name="testRenameKeysNoOverWrite" classname="edu.uiuc.ncsa.qdl.StemTest" time="0.001"/>
  <testcase name="testSparseListCopySpanGap" classname="edu.uiuc.ncsa.qdl.StemTest" time="0.003"/>
  <testcase name="testMixedExtraction2" classname="edu.uiuc.ncsa.qdl.StemTest" time="0.011"/>
  <testcase name="testMixedExtraction3" classname="edu.uiuc.ncsa.qdl.StemTest" time="0.01"/>
  <testcase name="testRelativeIndices" classname="edu.uiuc.ncsa.qdl.StemTest" time="0.003"/>
  <testcase name="testSubsetContract" classname="edu.uiuc.ncsa.qdl.StemTest" time="0.003"/>
  <testcase name="testGenericReduce" classname="edu.uiuc.ncsa.qdl.StemTest" time="0.001"/>
  <testcase name="testTildeWithDot" classname="edu.uiuc.ncsa.qdl.StemTest" time="0.003"/>
  <testcase name="testRemapAddressing" classname="edu.uiuc.ncsa.qdl.StemTest" time="0.003"/>
  <testcase name="testListCopy" classname="edu.uiuc.ncsa.qdl.StemTest" time="0"/>
  <testcase name="testListKeys" classname="edu.uiuc.ncsa.qdl.StemTest" time="0"/>
  <testcase name="testJSONArrayOrder" classname="edu.uiuc.ncsa.qdl.StemTest" time="0"/>
  <testcase name="testListSubset2" classname="edu.uiuc.ncsa.qdl.StemTest" time="0.001"/>
  <testcase name="testTailResolution" classname="edu.uiuc.ncsa.qdl.StemTest" time="0.002"/>
  <testcase name="testMixedExtraction" classname="edu.uiuc.ncsa.qdl.StemTest" time="0.005"/>
  <testcase name="testFunctionReferenceMultipleEvaluations" classname="edu.uiuc.ncsa.qdl.ParserTest" time="0.002"/>
  <testcase name="testChainExpAssignment" classname="edu.uiuc.ncsa.qdl.ParserTest" time="0.001"/>
  <testcase name="testEngineeringNotation" classname="edu.uiuc.ncsa.qdl.ParserTest" time="0.007"/>
  <testcase name="testMultiArgLambda" classname="edu.uiuc.ncsa.qdl.ParserTest" time="0.001"/>
  <testcase name="testBadAssignment" classname="edu.uiuc.ncsa.qdl.ParserTest" time="0.002"/>
  <testcase name="testChainExpAssignment2" classname="edu.uiuc.ncsa.qdl.ParserTest" time="0.004"/>
  <testcase name="testChainExpAssignment3" classname="edu.uiuc.ncsa.qdl.ParserTest" time="0.001"/>
  <testcase name="testTMathOnArray" classname="edu.uiuc.ncsa.qdl.ParserTest" time="0.023"/>
  <testcase name="testOpReference" classname="edu.uiuc.ncsa.qdl.ParserTest" time="0.003"/>
  <testcase name="testBasicApply1" classname="edu.uiuc.ncsa.qdl.ParserTest" time="0.003"/>
  <testcase name="testJoinOnLastAxis" classname="edu.uiuc.ncsa.qdl.ParserTest" time="0.005"/>
  <testcase name="testBasicApply" classname="edu.uiuc.ncsa.qdl.ParserTest" time="0.003"/>
  <testcase name="testSingleEquals" classname="edu.uiuc.ncsa.qdl.ParserTest" time="0"/>
  <testcase name="testContinuedFraction1" classname="edu.uiuc.ncsa.qdl.ParserTest" time="1.274"/>
  <testcase name="testContinuedFraction2" classname="edu.uiuc.ncsa.qdl.ParserTest" time="0.013"/>
  <testcase name="testSlicesDefaultValues" classname="edu.uiuc.ncsa.qdl.ParserTest" time="0.004"/>
  <testcase name="testOverflowAdd" classname="edu.uiuc.ncsa.qdl.ParserTest" time="0.001"/>
  <testcase name="testMultiIndexExpAssignment" classname="edu.uiuc.ncsa.qdl.ParserTest" time="0.001"/>
  <testcase name="testBuiltInFunctionReferenceOrder" classname="edu.uiuc.ncsa.qdl.ParserTest" time="0.003"/>
  <testcase name="testLambdaFunctionVisibility" classname="edu.uiuc.ncsa.qdl.ParserTest" time="0.002"/>
  <testcase name="testLambdaStemList" classname="edu.uiuc.ncsa.qdl.ParserTest" time="0.006"/>
  <testcase name="testFunctionDefVisibilityInConditional2" classname="edu.uiuc.ncsa.qdl.ParserTest" time="0.003"/>
  <testcase name="testApplyToDefaultStem" classname="edu.uiuc.ncsa.qdl.ParserTest" time="0.003"/>
  <testcase name="testAppliesBuiltin" classname="edu.uiuc.ncsa.qdl.ParserTest" time="0.002"/>
  <testcase name="testClosedSliceIllegalArg" classname="edu.uiuc.ncsa.qdl.ParserTest" time="0"/>
  <testcase name="testExecuteNoSemiColon" classname="edu.uiuc.ncsa.qdl.ParserTest" time="0"/>
  <testcase name="testUserFunctionReference" classname="edu.uiuc.ncsa.qdl.ParserTest" time="0.002"/>
  <testcase name="testAppliesDefaults" classname="edu.uiuc.ncsa.qdl.ParserTest" time="0.006"/>
  <testcase name="testAppliesComplexCase" classname="edu.uiuc.ncsa.qdl.ParserTest" time="0.01"/>
  <testcase name="testURI" classname="edu.uiuc.ncsa.qdl.ParserTest" time="0.002"/>
  <testcase name="testFunctionReferenceMonad2" classname="edu.uiuc.ncsa.qdl.ParserTest" time="0.001"/>
  <testcase name="testOverloadFunction2" classname="edu.uiuc.ncsa.qdl.ParserTest" time="0.003"/>
  <testcase name="testOverloadFunction3" classname="edu.uiuc.ncsa.qdl.ParserTest" time="0.003"/>
  <testcase name="testOverloadFunction4" classname="edu.uiuc.ncsa.qdl.ParserTest" time="0.002"/>
  <testcase name="testListsAsIndices0" classname="edu.uiuc.ncsa.qdl.ParserTest" time="0.002"/>
  <testcase name="testListsAsIndices1" classname="edu.uiuc.ncsa.qdl.ParserTest" time="0.011"/>
  <testcase name="testArgCountForFunction" classname="edu.uiuc.ncsa.qdl.ParserTest" time="0.001"/>
  <testcase name="testJSONEscape" classname="edu.uiuc.ncsa.qdl.ParserTest" time="0.078"/>
  <testcase name="testOverloadResolution2" classname="edu.uiuc.ncsa.qdl.ParserTest" time="0.002"/>
  <testcase name="testLogic" classname="edu.uiuc.ncsa.qdl.ParserTest" time="0.001"/>
  <testcase name="testMinus" classname="edu.uiuc.ncsa.qdl.ParserTest" time="0"/>
  <testcase name="testCompactStemNotation" classname="edu.uiuc.ncsa.qdl.ParserTest" time="0.002"/>
  <testcase name="testExecuteStem" classname="edu.uiuc.ncsa.qdl.ParserTest" time="0.001"/>
  <testcase name="testVariableScope" classname="edu.uiuc.ncsa.qdl.ParserTest" time="0.001"/>
  <testcase name="testComparisons" classname="edu.uiuc.ncsa.qdl.ParserTest" time="0.025"/>
  <testcase name="testEpsilonLoop" classname="edu.uiuc.ncsa.qdl.ParserTest" time="0.002"/>
  <testcase name="testCalledFunctions" classname="edu.uiuc.ncsa.qdl.ParserTest" time="0.216"/>
  <testcase name="testFunctionReferenceVisibility" classname="edu.uiuc.ncsa.qdl.ParserTest" time="0.002"/>
  <testcase name="testHasValueLoop" classname="edu.uiuc.ncsa.qdl.ParserTest" time="0.001"/>
  <testcase name="testReduceWithLogicalOperator" classname="edu.uiuc.ncsa.qdl.ParserTest" time="0"/>
  <testcase name="testLambdaDocumentStatements" classname="edu.uiuc.ncsa.qdl.ParserTest" time="0"/>
  <testcase name="testAnonymousForEach" classname="edu.uiuc.ncsa.qdl.ParserTest" time="0.01"/>
  <testcase name="testListScope" classname="edu.uiuc.ncsa.qdl.ParserTest" time="0.002"/>
  <testcase name="testCheckSymbolTableAssignment" classname="edu.uiuc.ncsa.qdl.ParserTest" time="0.001"/>
  <testcase name="testSafeUnbox" classname="edu.uiuc.ncsa.qdl.ParserTest" time="0.001"/>
  <testcase name="testOverloadResolution" classname="edu.uiuc.ncsa.qdl.ParserTest" time="0.002"/>
  <testcase name="testExecuteStem2" classname="edu.uiuc.ncsa.qdl.ParserTest" time="0.001"/>
  <testcase name="testOverloadFunction" classname="edu.uiuc.ncsa.qdl.ParserTest" time="0.003"/>
  <testcase name="testOverrideBaseQDLFunctions" classname="edu.uiuc.ncsa.qdl.ParserTest" time="0.001"/>
  <testcase name="testShortCircuitLogical" classname="edu.uiuc.ncsa.qdl.ParserTest" time="0.009"/>
  <testcase name="testApplyExplicitNamedArguments" classname="edu.uiuc.ncsa.qdl.ParserTest" time="0.001"/>
  <testcase name="testUnboxWithFlag" classname="edu.uiuc.ncsa.qdl.ParserTest" time="0.001"/>
  <testcase name="testLoopOverList" classname="edu.uiuc.ncsa.qdl.ParserTest" time="0.002"/>
  <testcase name="testMonadicFunctionReference" classname="edu.uiuc.ncsa.qdl.ParserTest" time="0.002"/>
  <testcase name="testSetWithListIndex" classname="edu.uiuc.ncsa.qdl.ParserTest" time="0.002"/>
  <testcase name="testVariableScopeSpaces1" classname="edu.uiuc.ncsa.qdl.ParserTest" time="0.001"/>
  <testcase name="testVariableScopeSpaces2" classname="edu.uiuc.ncsa.qdl.ParserTest" time="0"/>
  <testcase name="testFunctionDefVisibilityInConditional" classname="edu.uiuc.ncsa.qdl.ParserTest" time="0.001"/>
  <testcase name="testMultiStatementLambda" classname="edu.uiuc.ncsa.qdl.ParserTest" time="0.002"/>
  <testcase name="testExpAssignment" classname="edu.uiuc.ncsa.qdl.ParserTest" time="0.001"/>
  <testcase name="testAppliesBuiltinWithArgs" classname="edu.uiuc.ncsa.qdl.ParserTest" time="0.002"/>
  <testcase name="testLambdaInBracket" classname="edu.uiuc.ncsa.qdl.ParserTest" time="0.003"/>
  <testcase name="testBuiltInFunctionReference" classname="edu.uiuc.ncsa.qdl.ParserTest" time="0.001"/>
  <testcase name="testUTF8StringDecodeEncode" classname="edu.uiuc.ncsa.qdl.ParserTest" time="0.001"/>
  <testcase name="testReverseAssignment" classname="edu.uiuc.ncsa.qdl.ParserTest" time="0.001"/>
  <testcase name="testBadListsAsIndices0" classname="edu.uiuc.ncsa.qdl.ParserTest" time="0.001"/>
  <testcase name="testBadListsAsIndices1" classname="edu.uiuc.ncsa.qdl.ParserTest" time="0.001"/>
  <testcase name="testBadListsAsIndices2" classname="edu.uiuc.ncsa.qdl.ParserTest" time="0.001"/>
  <testcase name="testSafeUnboxWithBadVariable" classname="edu.uiuc.ncsa.qdl.ParserTest" time="0.001"/>
  <testcase name="testRational2Spaces2" classname="edu.uiuc.ncsa.qdl.ParserTest" time="0.006"/>
  <testcase name="testListScopeSpaces" classname="edu.uiuc.ncsa.qdl.ParserTest" time="0.001"/>
  <testcase name="testMatrixMultiply1" classname="edu.uiuc.ncsa.qdl.ParserTest" time="0.015"/>
  <testcase name="testHasKey2" classname="edu.uiuc.ncsa.qdl.ParserTest" time="0.001"/>
  <testcase name="testHasKeys" classname="edu.uiuc.ncsa.qdl.ParserTest" time="0.001"/>
  <testcase name="testAssignment" classname="edu.uiuc.ncsa.qdl.ParserTest" time="0.001"/>
  <testcase name="testSwitchExpression" classname="edu.uiuc.ncsa.qdl.ParserTest" time="0.011"/>
  <testcase name="testNullAssignmentScope" classname="edu.uiuc.ncsa.qdl.ParserTest" time="0.001"/>
  <testcase name="testReduceWithOperator" classname="edu.uiuc.ncsa.qdl.ParserTest" time="0.002"/>
  <testcase name="testOpenSliceIllegalArg" classname="edu.uiuc.ncsa.qdl.ParserTest" time="0.004"/>
  <testcase name="testLargeStemSubtraction" classname="edu.uiuc.ncsa.qdl.ParserTest" time="0.165"/>
  <testcase name="testReduceWithUserFunction" classname="edu.uiuc.ncsa.qdl.ParserTest" time="0.001"/>
  <testcase name="testLocalBlock" classname="edu.uiuc.ncsa.qdl.ParserTest" time="0"/>
  <testcase name="testLambdaAsArgument" classname="edu.uiuc.ncsa.qdl.ParserTest" time="0.001"/>
  <testcase name="testNestedVariableScope" classname="edu.uiuc.ncsa.qdl.ParserTest" time="0.002"/>
  <testcase name="testAnonymousLambdaAsArgument" classname="edu.uiuc.ncsa.qdl.ParserTest" time="0.001"/>
  <testcase name="testPostMinuses" classname="edu.uiuc.ncsa.qdl.ParserTest" time="0.001"/>
  <testcase name="testRational2Spaces" classname="edu.uiuc.ncsa.qdl.ParserTest" time="0.005"/>
  <testcase name="testOpenSliceIllegalArg2" classname="edu.uiuc.ncsa.qdl.ParserTest" time="0.003"/>
  <testcase name="testRational1" classname="edu.uiuc.ncsa.qdl.ParserTest" time="0.086"/>
  <testcase name="testRational2" classname="edu.uiuc.ncsa.qdl.ParserTest" time="0.005"/>
  <testcase name="testUNSafeUnboxWithBadVariable" classname="edu.uiuc.ncsa.qdl.ParserTest" time="0.001"/>
  <testcase name="testOverloadFunction2a" classname="edu.uiuc.ncsa.qdl.ParserTest" time="0.003"/>
  <testcase name="testAssignments" classname="edu.uiuc.ncsa.qdl.ParserTest" time="0.001"/>
  <testcase name="testMultiStatementMultiArgLambda" classname="edu.uiuc.ncsa.qdl.ParserTest" time="0.001"/>
  <testcase name="testAnonymousReduce" classname="edu.uiuc.ncsa.qdl.ParserTest" time="0.001"/>
  <testcase name="testInterpret" classname="edu.uiuc.ncsa.qdl.ParserTest" time="0"/>
  <testcase name="testFunctionReferenceJFork" classname="edu.uiuc.ncsa.qdl.ParserTest" time="0.003"/>
  <testcase name="testFunctionReferenceMonad" classname="edu.uiuc.ncsa.qdl.ParserTest" time="0.001"/>
  <testcase name="testHasKey" classname="edu.uiuc.ncsa.qdl.ParserTest" time="0.001"/>
  <testcase name="testJSONQueryEscape" classname="edu.uiuc.ncsa.qdl.ParserTest" time="0.051"/>
  <testcase name="testLambda" classname="edu.uiuc.ncsa.qdl.ParserTest" time="0.001"/>
  <testcase name="testPreMinuses" classname="edu.uiuc.ncsa.qdl.ParserTest" time="0.014"/>
  <testcase name="testLogic2" classname="edu.uiuc.ncsa.qdl.ParserTest" time="0.003"/>
  <testcase name="testMultipleAssignments" classname="edu.uiuc.ncsa.qdl.ParserTest" time="0.001"/>
  <testcase name="testSingleDoubleQuote" classname="edu.uiuc.ncsa.qdl.ParserTest" time="0"/>
  <testcase name="testJSONInvariance" classname="edu.uiuc.ncsa.qdl.ParserTest" time="0.004"/>
  <testcase name="testMatrixLoop" classname="edu.uiuc.ncsa.qdl.ParserTest" time="0.008"/>
  <testcase name="testBadExpressionStem" classname="edu.uiuc.ncsa.qdl.ParserTest" time="0"/>
  <testcase name="testSlices" classname="edu.uiuc.ncsa.qdl.ParserTest" time="0.002"/>
  <testcase name="testString" classname="edu.uiuc.ncsa.qdl.ParserTest" time="0.001">
    <system-out><![CDATA[
printing all base characters with say:
abcdefghijklmnopqrstuvwxyzABCDEFGHIJKLMNOPQRSTUVWXYZ0123456789
  ~`!@#$%^&*()[]{}<>\/'"-_=+|;:,.?
  ¬¿¯·×÷⁺→⇒∅∧∨≈≔≕≠≡≤≥⊨⌈⌊⟦⟧≁⊕⊗⊙⌆⦰⊢∈∉∀∋∌∃∄∩∪∆⍺
  ΑαΒβΓγΔδΕεΖζΗηΘθϑΙιΚκϰΛλΜμΝνΞξΟοΠπϖΡρϱΣσςΤτΥυΦφΧχΨψΩω
]]></system-out>
  </testcase>
  <testcase name="testLambdaRecursion" classname="edu.uiuc.ncsa.qdl.ParserTest" time="0.002"/>
  <testcase name="testNestedFunction" classname="edu.uiuc.ncsa.qdl.ParserTest" time="0.001"/>
  <testcase name="testApplyToStem" classname="edu.uiuc.ncsa.qdl.ParserTest" time="0.005"/>
  <testcase name="testArgNamesFunction" classname="edu.uiuc.ncsa.qdl.ParserTest" time="0.001"/>
  <testcase name="testOpenSliceZeroStep" classname="edu.uiuc.ncsa.qdl.ParserTest" time="0.001"/>
  <testcase name="testExpandWithOperator" classname="edu.uiuc.ncsa.qdl.ParserTest" time="0.002"/>
  <testcase name="testUnboxWithBadVariableAndFlag" classname="edu.uiuc.ncsa.qdl.ParserTest" time="0"/>
  <testcase name="testBuiltInFunctionReference2" classname="edu.uiuc.ncsa.qdl.ParserTest" time="0.003"/>
  <testcase name="testLoopOrder" classname="edu.uiuc.ncsa.qdl.ParserTest" time="0.003"/>
  <testcase name="testNullAssignments" classname="edu.uiuc.ncsa.qdl.ParserTest" time="0.001"/>
  <testcase name="testNestedVariableImport" classname="edu.uiuc.ncsa.qdl.OldModuleTests" time="0.043"/>
  <testcase name="testIntrinsicGetter" classname="edu.uiuc.ncsa.qdl.OldModuleTests" time="0.002"/>
  <testcase name="testImportAndAlias" classname="edu.uiuc.ncsa.qdl.OldModuleTests" time="0.039"/>
  <testcase name="testModuleInitializationFailure" classname="edu.uiuc.ncsa.qdl.OldModuleTests" time="0.001"/>
  <testcase name="testMLIntrinsicFunction" classname="edu.uiuc.ncsa.qdl.OldModuleTests" time="0.009"/>
  <testcase name="testDefaultNamespaceFail" classname="edu.uiuc.ncsa.qdl.OldModuleTests" time="0.001"/>
  <testcase name="testIntrinsicFunction2" classname="edu.uiuc.ncsa.qdl.OldModuleTests" time="0.001"/>
  <testcase name="testIntrinsicFunction" classname="edu.uiuc.ncsa.qdl.OldModuleTests" time="0.001"/>
  <testcase name="testMLRemove" classname="edu.uiuc.ncsa.qdl.OldModuleTests" time="0.006"/>
  <testcase name="testIntrinsicVariable1" classname="edu.uiuc.ncsa.qdl.OldModuleTests" time="0"/>
  <testcase name="testUnqualifiedFunction" classname="edu.uiuc.ncsa.qdl.OldModuleTests" time="0.002"/>
  <testcase name="testMLOverrideBuiltin2" classname="edu.uiuc.ncsa.qdl.OldModuleTests" time="0"/>
  <testcase name="testNestedFunctionImport" classname="edu.uiuc.ncsa.qdl.OldModuleTests" time="0.004"/>
  <testcase name="testMultipleModules" classname="edu.uiuc.ncsa.qdl.OldModuleTests" time="0.006"/>
  <testcase name="testNestedModuleFunctionReference2" classname="edu.uiuc.ncsa.qdl.OldModuleTests" time="0.098"/>
  <testcase name="testNSAndStem" classname="edu.uiuc.ncsa.qdl.OldModuleTests" time="0.032"/>
  <testcase name="testMLBuiltinOverride" classname="edu.uiuc.ncsa.qdl.OldModuleTests" time="0.001"/>
  <testcase name="testMLIntrinsicVariableSet" classname="edu.uiuc.ncsa.qdl.OldModuleTests" time="0"/>
  <testcase name="testIntrinsicFunctionDefine" classname="edu.uiuc.ncsa.qdl.OldModuleTests" time="0.002"/>
  <testcase name="testMLIntrinsicFunction2" classname="edu.uiuc.ncsa.qdl.OldModuleTests" time="0"/>
  <testcase name="testMLIntrinsicVariable1" classname="edu.uiuc.ncsa.qdl.OldModuleTests" time="0.004"/>
  <testcase name="testPassingJavaFunctionArgument" classname="edu.uiuc.ncsa.qdl.OldModuleTests" time="0.002"/>
  <testcase name="testMLSetVariableFromGlobal" classname="edu.uiuc.ncsa.qdl.OldModuleTests" time="0.055"/>
  <testcase name="testFunctionVisibility" classname="edu.uiuc.ncsa.qdl.OldModuleTests" time="0.018"/>
  <testcase name="testModuleInputForm" classname="edu.uiuc.ncsa.qdl.OldModuleTests" time="0.004"/>
  <testcase name="testModuleVisibility" classname="edu.uiuc.ncsa.qdl.OldModuleTests" time="0.008"/>
  <testcase name="testMultipleNestedModules" classname="edu.uiuc.ncsa.qdl.OldModuleTests" time="0.005"/>
  <testcase name="testFunctionAndModules2" classname="edu.uiuc.ncsa.qdl.OldModuleTests" time="0.817"/>
  <testcase name="testSetVariableFromGlobal" classname="edu.uiuc.ncsa.qdl.OldModuleTests" time="0.001"/>
  <testcase name="testModuleInitialization" classname="edu.uiuc.ncsa.qdl.OldModuleTests" time="0.001"/>
  <testcase name="testIsFunction" classname="edu.uiuc.ncsa.qdl.OldModuleTests" time="0.028"/>
  <testcase name="testMLOverrideBuiltin" classname="edu.uiuc.ncsa.qdl.OldModuleTests" time="0"/>
  <testcase name="testModuleVisibility2" classname="edu.uiuc.ncsa.qdl.OldModuleTests" time="0.002"/>
  <testcase name="testMLIntrinsicVariable" classname="edu.uiuc.ncsa.qdl.OldModuleTests" time="0.001"/>
  <testcase name="testPassingJavaFunctionArgumentStem2" classname="edu.uiuc.ncsa.qdl.OldModuleTests" time="0.002"/>
  <testcase name="testDefaultNamespaceOK" classname="edu.uiuc.ncsa.qdl.OldModuleTests" time="0.001"/>
  <testcase name="testIntrinsicVariable" classname="edu.uiuc.ncsa.qdl.OldModuleTests" time="0"/>
  <testcase name="testUnqualifiedVariable" classname="edu.uiuc.ncsa.qdl.OldModuleTests" time="0.002"/>
  <testcase name="testNestedModuleFunctionReference" classname="edu.uiuc.ncsa.qdl.OldModuleTests" time="0.006"/>
  <testcase name="testExtrinsic" classname="edu.uiuc.ncsa.qdl.OldModuleTests" time="0.012"/>
  <testcase name="testJavaFQAccessTest" classname="edu.uiuc.ncsa.qdl.OldModuleTests" time="0.027"/>
  <testcase name="testModuleFunctionReference" classname="edu.uiuc.ncsa.qdl.OldModuleTests" time="0.002"/>
  <testcase name="testMLIntrinsicGetter" classname="edu.uiuc.ncsa.qdl.OldModuleTests" time="0.004"/>
  <testcase name="testMultipleModuleImport" classname="edu.uiuc.ncsa.qdl.OldModuleTests" time="0.024"/>
  <testcase name="testDefaultNamespaceOK2" classname="edu.uiuc.ncsa.qdl.OldModuleTests" time="0.004"/>
  <testcase name="testDefaultNamespaceOK3" classname="edu.uiuc.ncsa.qdl.OldModuleTests" time="0.002"/>
  <testcase name="testDefaultNamespaceOK4" classname="edu.uiuc.ncsa.qdl.OldModuleTests" time="0.003"/>
  <testcase name="testPassingFunctionArgument" classname="edu.uiuc.ncsa.qdl.OldModuleTests" time="0.001"/>
  <testcase name="testNestedModule2" classname="edu.uiuc.ncsa.qdl.OldModuleTests" time="0.002"/>
  <testcase name="testModuleFunctionVisibility" classname="edu.uiuc.ncsa.qdl.OldModuleTests" time="0.016"/>
  <testcase name="testUnqualifiedFunction2" classname="edu.uiuc.ncsa.qdl.OldModuleTests" time="0.001"/>
  <testcase name="testFunctionAndModules_Good" classname="edu.uiuc.ncsa.qdl.OldModuleTests" time="4.668"/>
  <testcase name="testUnqualifiedVariable2" classname="edu.uiuc.ncsa.qdl.OldModuleTests" time="0.002"/>
  <testcase name="testIntrinsicVariableSet" classname="edu.uiuc.ncsa.qdl.OldModuleTests" time="0.001"/>
  <testcase name="testModuleVisibilityBuiltInFunctions" classname="edu.uiuc.ncsa.qdl.OldModuleTests" time="0.004"/>
  <testcase name="testPassingJavaFunctionArgumentStem" classname="edu.uiuc.ncsa.qdl.OldModuleTests" time="0.003"/>
  <testcase name="testNestedModule" classname="edu.uiuc.ncsa.qdl.OldModuleTests" time="0.012"/>
  <testcase name="testNSAndVariableResolution" classname="edu.uiuc.ncsa.qdl.OldModuleTests" time="0.021"/>
  <testcase name="testMLIntrinsicFunctionDefine" classname="edu.uiuc.ncsa.qdl.OldModuleTests" time="0"/>
  <testcase name="testModuleFunctionVisibilitySpaces" classname="edu.uiuc.ncsa.qdl.OldModuleTests" time="0.001"/>
  <testcase name="testArrayGlom" classname="edu.uiuc.ncsa.qdl.GlomTest" time="0.001"/>
  <testcase name="testMondicGlom" classname="edu.uiuc.ncsa.qdl.GlomTest" time="0"/>
  <testcase name="testConcatenateGlom" classname="edu.uiuc.ncsa.qdl.GlomTest" time="0.001"/>
  <testcase name="testScalarGlom" classname="edu.uiuc.ncsa.qdl.GlomTest" time="0"/>
  <testcase name="testMixedGlom" classname="edu.uiuc.ncsa.qdl.GlomTest" time="0.001"/>
  <testcase name="testNonUniqueStemGlom" classname="edu.uiuc.ncsa.qdl.GlomTest" time="0.001"/>
  <testcase name="testUnicodeGlom" classname="edu.uiuc.ncsa.qdl.GlomTest" time="0.001"/>
  <testcase name="testStemGlom" classname="edu.uiuc.ncsa.qdl.GlomTest" time="0"/>
  <testcase name="testExternalModule" classname="edu.uiuc.ncsa.qdl.SerializationTest" time="0.014"/>
  <testcase name="testBasicState" classname="edu.uiuc.ncsa.qdl.SerializationTest" time="0.009"/>
  <testcase name="testModulesJava" classname="edu.uiuc.ncsa.qdl.SerializationTest" time="0.005"/>
  <testcase name="testEmbeddedXML" classname="edu.uiuc.ncsa.qdl.SerializationTest" time="0.006"/>
  <testcase name="testModules" classname="edu.uiuc.ncsa.qdl.SerializationTest" time="0.01"/>
  <testcase name="testServerModes" classname="edu.uiuc.ncsa.qdl.VFSTest" time="0.002"/>
  <testcase name="testPaths" classname="edu.uiuc.ncsa.qdl.VFSTest" time="0.001"/>
  <testcase name="testServerModeBad" classname="edu.uiuc.ncsa.qdl.VFSTest" time="0.001"/>
  <testcase name="testMySQLVFS" classname="edu.uiuc.ncsa.qdl.VFSTest" time="7.569"/>
  <testcase name="testMemoryStoreVFS" classname="edu.uiuc.ncsa.qdl.VFSTest" time="0.002"/>
  <testcase name="testScripts" classname="edu.uiuc.ncsa.qdl.VFSTest" time="0.009"/>
  <testcase name="testDerbyVFS" classname="edu.uiuc.ncsa.qdl.VFSTest" time="4.475"/>
  <testcase name="testServerMode" classname="edu.uiuc.ncsa.qdl.VFSTest" time="0.012"/>
  <testcase name="testZipVFS" classname="edu.uiuc.ncsa.qdl.VFSTest" time="0.004"/>
  <testcase name="testFilePassThrough" classname="edu.uiuc.ncsa.qdl.VFSTest" time="0.007"/>
</testsuite>